0 info it worked if it ends with ok
1 verbose cli [ '/home/litingting/.nvm/versions/node/v6.2.2/bin/node',
1 verbose cli   '/home/litingting/.nvm/versions/node/v6.2.2/bin/npm',
1 verbose cli   'run',
1 verbose cli   'eslint' ]
2 info using npm@3.9.5
3 info using node@v6.2.2
4 verbose run-script [ 'preeslint', 'eslint', 'posteslint' ]
5 info lifecycle hello-world-demo@1.0.0~preeslint: hello-world-demo@1.0.0
6 silly lifecycle hello-world-demo@1.0.0~preeslint: no script for preeslint, continuing
7 info lifecycle hello-world-demo@1.0.0~eslint: hello-world-demo@1.0.0
8 verbose lifecycle hello-world-demo@1.0.0~eslint: unsafe-perm in lifecycle true
9 verbose lifecycle hello-world-demo@1.0.0~eslint: PATH: /home/litingting/.nvm/versions/node/v6.2.2/lib/node_modules/npm/bin/node-gyp-bin:/home/litingting/Documents/实验室日常练习大三/js-demos/hello-world-demo/node_modules/.bin:/home/litingting/.nvm/versions/node/v6.2.2/bin:/home/litingting/.nvm/versions/node/v6.2.2/bin:/usr/local/sbin:/usr/local/bin:/usr/sbin:/usr/bin:/sbin:/bin:/usr/games:/usr/local/games
10 verbose lifecycle hello-world-demo@1.0.0~eslint: CWD: /home/litingting/Documents/实验室日常练习大三/js-demos/hello-world-demo
11 silly lifecycle hello-world-demo@1.0.0~eslint: Args: [ '-c', 'eslint entry.js' ]
12 silly lifecycle hello-world-demo@1.0.0~eslint: Returned: code: 1  signal: null
13 info lifecycle hello-world-demo@1.0.0~eslint: Failed to exec eslint script
14 verbose stack Error: hello-world-demo@1.0.0 eslint: `eslint entry.js`
14 verbose stack Exit status 1
14 verbose stack     at EventEmitter.<anonymous> (/home/litingting/.nvm/versions/node/v6.2.2/lib/node_modules/npm/lib/utils/lifecycle.js:245:16)
14 verbose stack     at emitTwo (events.js:106:13)
14 verbose stack     at EventEmitter.emit (events.js:191:7)
14 verbose stack     at ChildProcess.<anonymous> (/home/litingting/.nvm/versions/node/v6.2.2/lib/node_modules/npm/lib/utils/spawn.js:24:14)
14 verbose stack     at emitTwo (events.js:106:13)
14 verbose stack     at ChildProcess.emit (events.js:191:7)
14 verbose stack     at maybeClose (internal/child_process.js:852:16)
14 verbose stack     at Process.ChildProcess._handle.onexit (internal/child_process.js:215:5)
15 verbose pkgid hello-world-demo@1.0.0
16 verbose cwd /home/litingting/Documents/实验室日常练习大三/js-demos/hello-world-demo
17 error Linux 4.2.0-42-generic
18 error argv "/home/litingting/.nvm/versions/node/v6.2.2/bin/node" "/home/litingting/.nvm/versions/node/v6.2.2/bin/npm" "run" "eslint"
19 error node v6.2.2
20 error npm  v3.9.5
21 error code ELIFECYCLE
22 error hello-world-demo@1.0.0 eslint: `eslint entry.js`
22 error Exit status 1
23 error Failed at the hello-world-demo@1.0.0 eslint script 'eslint entry.js'.
23 error Make sure you have the latest version of node.js and npm installed.
23 error If you do, this is most likely a problem with the hello-world-demo package,
23 error not with npm itself.
23 error Tell the author that this fails on your system:
23 error     eslint entry.js
23 error You can get information on how to open an issue for this project with:
23 error     npm bugs hello-world-demo
23 error Or if that isn't available, you can get their info via:
23 error     npm owner ls hello-world-demo
23 error There is likely additional logging output above.
24 verbose exit [ 1, true ]
